c:\users\azhar damir\source\repos\app_banque\app_banque\x64\debug\app_banque.pch
c:\users\azhar damir\source\repos\app_banque\x64\debug\app_banque.pdb
c:\users\azhar damir\source\repos\app_banque\x64\debug\app_banque.idb
c:\users\azhar damir\source\repos\app_banque\app_banque\x64\debug\pch.obj
c:\users\azhar damir\source\repos\app_banque\app_banque\x64\debug\gc.obj
c:\users\azhar damir\source\repos\app_banque\app_banque\x64\debug\date.obj
c:\users\azhar damir\source\repos\app_banque\app_banque\x64\debug\app_banque.obj
c:\users\azhar damir\source\repos\app_banque\app_banque\x64\debug\operationr.obj
c:\users\azhar damir\source\repos\app_banque\app_banque\x64\debug\operationa.obj
c:\users\azhar damir\source\repos\app_banque\app_banque\x64\debug\comptecourant.obj
c:\users\azhar damir\source\repos\app_banque\app_banque\x64\debug\devise.obj
c:\users\azhar damir\source\repos\app_banque\app_banque\x64\debug\comptepayant.obj
c:\users\azhar damir\source\repos\app_banque\app_banque\x64\debug\compteepargne.obj
c:\users\azhar damir\source\repos\app_banque\app_banque\x64\debug\compte.obj
c:\users\azhar damir\source\repos\app_banque\app_banque\x64\debug\client.obj
c:\users\azhar damir\source\repos\app_banque\app_banque\x64\debug\operation.obj
c:\users\azhar damir\source\repos\app_banque\app_banque\x64\debug\mad.obj
c:\users\azhar damir\source\repos\app_banque\app_banque\x64\debug\euro.obj
c:\users\azhar damir\source\repos\app_banque\app_banque\x64\debug\dollar.obj
c:\users\azhar damir\source\repos\app_banque\x64\debug\app_banque.lib
c:\users\azhar damir\source\repos\app_banque\app_banque\x64\debug\app_banque.tlog\cl.command.1.tlog
c:\users\azhar damir\source\repos\app_banque\app_banque\x64\debug\app_banque.tlog\cl.read.1.tlog
c:\users\azhar damir\source\repos\app_banque\app_banque\x64\debug\app_banque.tlog\cl.write.1.tlog
c:\users\azhar damir\source\repos\app_banque\app_banque\x64\debug\app_banque.tlog\lib-link.read.1.tlog
c:\users\azhar damir\source\repos\app_banque\app_banque\x64\debug\app_banque.tlog\lib-link.write.1.tlog
c:\users\azhar damir\source\repos\app_banque\app_banque\x64\debug\app_banque.tlog\lib.command.1.tlog
